<?xml version="1.0" encoding="UTF-8"?>
<!-- Generated by org.testng.reporters.JUnitReportReporter -->
<testsuite hostname="DESKTOP-RHKSQOC" failures="0" tests="1" name="frameWork_EasyPart.TestNG_NavigateWebSite_VerifyTitle" time="4.969" errors="0" timestamp="2024-05-17T11:09:00 EDT" skipped="0">
  <testcase classname="frameWork_EasyPart.TestNG_NavigateWebSite_VerifyTitle" name="verifyTitle" time="4.969"/>
</testsuite> <!-- frameWork_EasyPart.TestNG_NavigateWebSite_VerifyTitle -->
